kotlin version: 2.0.21
error message: org.jetbrains.kotlin.backend.common.BackendException: Backend Internal error: Exception during IR lowering
File being compiled: C:/Users/HP/Downloads/folder/app/src/main/java/com/asc/markets/ui/screens/DiagnosticsScreen.kt
The root cause java.lang.RuntimeException was thrown at: org.jetbrains.kotlin.backend.jvm.codegen.FunctionCodegen.generate(FunctionCodegen.kt:47)
	at org.jetbrains.kotlin.backend.common.CodegenUtil.reportBackendException(CodegenUtil.kt:253)
	at org.jetbrains.kotlin.backend.common.CodegenUtil.reportBackendException$default(CodegenUtil.kt:236)
	at org.jetbrains.kotlin.backend.common.phaser.PerformByIrFilePhase.invokeSequential(performByIrFile.kt:65)
	at org.jetbrains.kotlin.backend.common.phaser.PerformByIrFilePhase.invoke(performByIrFile.kt:52)
	at org.jetbrains.kotlin.backend.common.phaser.PerformByIrFilePhase.invoke(performByIrFile.kt:38)
	at org.jetbrains.kotlin.backend.common.phaser.NamedCompilerPhase.phaseBody(CompilerPhase.kt:166)
	at org.jetbrains.kotlin.backend.common.phaser.AbstractNamedCompilerPhase.invoke(CompilerPhase.kt:113)
	at org.jetbrains.kotlin.backend.common.phaser.CompositePhase.invoke(PhaseBuilders.kt:27)
	at org.jetbrains.kotlin.backend.common.phaser.CompositePhase.invoke(PhaseBuilders.kt:14)
	at org.jetbrains.kotlin.backend.common.phaser.NamedCompilerPhase.phaseBody(CompilerPhase.kt:166)
	at org.jetbrains.kotlin.backend.common.phaser.AbstractNamedCompilerPhase.invoke(CompilerPhase.kt:113)
	at org.jetbrains.kotlin.backend.common.phaser.CompilerPhaseKt.invokeToplevel(CompilerPhase.kt:62)
	at org.jetbrains.kotlin.backend.jvm.JvmIrCodegenFactory.invokeCodegen(JvmIrCodegenFactory.kt:371)
	at org.jetbrains.kotlin.codegen.CodegenFactory.generateModule(CodegenFactory.kt:47)
	at org.jetbrains.kotlin.backend.jvm.JvmIrCodegenFactory.generateModuleInFrontendIRMode(JvmIrCodegenFactory.kt:433)
	at org.jetbrains.kotlin.cli.jvm.compiler.pipeline.JvmCompilerPipelineKt.generateCodeFromIr(jvmCompilerPipeline.kt:246)
	at org.jetbrains.kotlin.cli.jvm.compiler.pipeline.JvmCompilerPipelineKt.compileModulesUsingFrontendIrAndLightTree(jvmCompilerPipeline.kt:142)
	at org.jetbrains.kotlin.cli.jvm.K2JVMCompiler.doExecute(K2JVMCompiler.kt:148)
	at org.jetbrains.kotlin.cli.jvm.K2JVMCompiler.doExecute(K2JVMCompiler.kt:43)
	at org.jetbrains.kotlin.cli.common.CLICompiler.execImpl(CLICompiler.kt:103)
	at org.jetbrains.kotlin.cli.common.CLICompiler.execImpl(CLICompiler.kt:49)
	at org.jetbrains.kotlin.cli.common.CLITool.exec(CLITool.kt:101)
	at org.jetbrains.kotlin.incremental.IncrementalJvmCompilerRunner.runCompiler(IncrementalJvmCompilerRunner.kt:464)
	at org.jetbrains.kotlin.incremental.IncrementalJvmCompilerRunner.runCompiler(IncrementalJvmCompilerRunner.kt:73)
	at org.jetbrains.kotlin.incremental.IncrementalCompilerRunner.doCompile(IncrementalCompilerRunner.kt:506)
	at org.jetbrains.kotlin.incremental.IncrementalCompilerRunner.compileImpl(IncrementalCompilerRunner.kt:423)
	at org.jetbrains.kotlin.incremental.IncrementalCompilerRunner.compileNonIncrementally(IncrementalCompilerRunner.kt:301)
	at org.jetbrains.kotlin.incremental.IncrementalCompilerRunner.compile(IncrementalCompilerRunner.kt:129)
	at org.jetbrains.kotlin.daemon.CompileServiceImplBase.execIncrementalCompiler(CompileServiceImpl.kt:675)
	at org.jetbrains.kotlin.daemon.CompileServiceImplBase.access$execIncrementalCompiler(CompileServiceImpl.kt:92)
	at org.jetbrains.kotlin.daemon.CompileServiceImpl.compile(CompileServiceImpl.kt:1660)
	at java.base/jdk.internal.reflect.DirectMethodHandleAccessor.invoke(DirectMethodHandleAccessor.java:103)
	at java.base/java.lang.reflect.Method.invoke(Method.java:580)
	at java.rmi/sun.rmi.server.UnicastServerRef.dispatch(UnicastServerRef.java:360)
	at java.rmi/sun.rmi.transport.Transport$1.run(Transport.java:200)
	at java.rmi/sun.rmi.transport.Transport$1.run(Transport.java:197)
	at java.base/java.security.AccessController.doPrivileged(AccessController.java:714)
	at java.rmi/sun.rmi.transport.Transport.serviceCall(Transport.java:196)
	at java.rmi/sun.rmi.transport.tcp.TCPTransport.handleMessages(TCPTransport.java:598)
	at java.rmi/sun.rmi.transport.tcp.TCPTransport$ConnectionHandler.run0(TCPTransport.java:844)
	at java.rmi/sun.rmi.transport.tcp.TCPTransport$ConnectionHandler.lambda$run$0(TCPTransport.java:721)
	at java.base/java.security.AccessController.doPrivileged(AccessController.java:400)
	at java.rmi/sun.rmi.transport.tcp.TCPTransport$ConnectionHandler.run(TCPTransport.java:720)
	at java.base/java.util.concurrent.ThreadPoolExecutor.runWorker(ThreadPoolExecutor.java:1144)
	at java.base/java.util.concurrent.ThreadPoolExecutor$Worker.run(ThreadPoolExecutor.java:642)
	at java.base/java.lang.Thread.run(Thread.java:1583)
Caused by: java.lang.RuntimeException: Exception while generating code for:
FUN name:DiagnosticsScreen visibility:public modality:FINAL <> ($composer:androidx.compose.runtime.Composer?, $changed:kotlin.Int) returnType:kotlin.Unit
  annotations:
    Composable
    ComposableTarget(applier = "androidx.compose.ui.UiComposable")
  VALUE_PARAMETER name:$composer index:0 type:androidx.compose.runtime.Composer? [assignable]
  VALUE_PARAMETER name:$changed index:1 type:kotlin.Int
  BLOCK_BODY
    BLOCK type=kotlin.Unit origin=null
      SET_VAR '$composer: androidx.compose.runtime.Composer? [assignable] declared in com.asc.markets.ui.screens.DiagnosticsScreenKt.DiagnosticsScreen' type=kotlin.Unit origin=null
        CALL 'public abstract fun startRestartGroup (key: kotlin.Int): androidx.compose.runtime.Composer declared in androidx.compose.runtime.Composer' type=androidx.compose.runtime.Composer origin=null
          $this: GET_VAR '$composer: androidx.compose.runtime.Composer? [assignable] declared in com.asc.markets.ui.screens.DiagnosticsScreenKt.DiagnosticsScreen' type=androidx.compose.runtime.Composer? origin=null
          key: CONST Int type=kotlin.Int value=300937168
      CALL 'public final fun sourceInformation (composer: androidx.compose.runtime.Composer, sourceInformation: kotlin.String): kotlin.Unit declared in androidx.compose.runtime.ComposerKt' type=kotlin.Unit origin=null
        composer: GET_VAR '$composer: androidx.compose.runtime.Composer? [assignable] declared in com.asc.markets.ui.screens.DiagnosticsScreenKt.DiagnosticsScreen' type=androidx.compose.runtime.Composer? origin=null
        sourceInformation: CONST String type=kotlin.String value="C(DiagnosticsScreen)111@4851L16,112@4915L16,113@4973L16,114@5025L16,121@5272L7,122@5311L7,123@5356L875,123@5323L908,141@6313L16890,141@6237L16966:DiagnosticsScreen.kt#4fkbxq"
    WHEN type=kotlin.Unit origin=IF
      BRANCH
        if: CALL 'public final fun OROR (arg0: kotlin.Boolean, arg1: kotlin.Boolean): kotlin.Boolean declared in kotlin.internal.ir' type=kotlin.Boolean origin=null
          arg0: CALL 'public final fun not (): kotlin.Boolean [operator] declared in kotlin.Boolean' type=kotlin.Boolean origin=null
            $this: CALL 'public final fun EQEQ (arg0: kotlin.Any?, arg1: kotlin.Any?): kotlin.Boolean declared in kotlin.internal.ir' type=kotlin.Boolean origin=null
              arg0: GET_VAR '$changed: kotlin.Int declared in com.asc.markets.ui.screens.DiagnosticsScreenKt.DiagnosticsScreen' type=kotlin.Int origin=null
              arg1: CONST Int type=kotlin.Int value=0
          arg1: CALL 'public final fun not (): kotlin.Boolean [operator] declared in kotlin.Boolean' type=kotlin.Boolean origin=null
            $this: CALL 'public abstract fun <get-skipping> (): kotlin.Boolean declared in androidx.compose.runtime.Composer' type=kotlin.Boolean origin=null
              $this: GET_VAR '$composer: androidx.compose.runtime.Composer? [assignable] declared in com.asc.markets.ui.screens.DiagnosticsScreenKt.DiagnosticsScreen' type=androidx.compose.runtime.Composer? origin=null
        then: BLOCK type=kotlin.Unit origin=null
          WHEN type=kotlin.Unit origin=IF
            BRANCH
              if: CALL 'public final fun isTraceInProgress (): kotlin.Boolean declared in androidx.compose.runtime.ComposerKt' type=kotlin.Boolean origin=null
              then: CALL 'public final fun traceEventStart (key: kotlin.Int, dirty1: kotlin.Int, dirty2: kotlin.Int, info: kotlin.String): kotlin.Unit declared in androidx.compose.runtime.ComposerKt' type=kotlin.Unit origin=null
                key: CONST Int type=kotlin.Int value=300937168
                dirty1: GET_VAR '$changed: kotlin.Int declared in com.asc.markets.ui.screens.DiagnosticsScreenKt.DiagnosticsScreen' type=kotlin.Int origin=null
                dirty2: CONST Int type=kotlin.Int value=-1
                info: CONST String type=kotlin.String value="com.asc.markets.ui.screens.DiagnosticsScreen (DiagnosticsScreen.kt:110)"
          VAR PROPERTY_DELEGATE name:metrics$delegate type:androidx.compose.runtime.State<com.asc.markets.logic.HealthMetrics> [val]
            CALL 'public final fun collectAsState <T> (context: kotlin.coroutines.CoroutineContext?, $composer: androidx.compose.runtime.Composer?, $changed: kotlin.Int, $default: kotlin.Int): androidx.compose.runtime.State<T of androidx.compose.runtime.SnapshotStateKt.collectAsState> declared in androidx.compose.runtime.SnapshotStateKt' type=androidx.compose.runtime.State<com.asc.markets.logic.HealthMetrics> origin=null
              <T>: com.asc.markets.logic.HealthMetrics
              $receiver: CALL 'public final fun <get-metrics> (): kotlinx.coroutines.flow.StateFlow<com.asc.markets.logic.HealthMetrics> declared in com.asc.markets.logic.HealthMonitor' type=kotlinx.coroutines.flow.StateFlow<com.asc.markets.logic.HealthMetrics> origin=GET_PROPERTY
                $this: GET_FIELD 'FIELD FIELD_FOR_OBJECT_INSTANCE name:INSTANCE type:com.asc.markets.logic.HealthMonitor visibility:public [final,static] declared in com.asc.markets.logic.HealthMonitor' type=com.asc.markets.logic.HealthMonitor origin=null
              context: COMPOSITE type=kotlin.Nothing? origin=DEFAULT_VALUE
                CONST Null type=kotlin.Nothing? value=null
              $composer: GET_VAR '$composer: androidx.compose.runtime.Composer? [assignable] declared in com.asc.markets.ui.screens.DiagnosticsScreenKt.DiagnosticsScreen' type=androidx.compose.runtime.Composer? origin=null
              $changed: CONST Int type=kotlin.Int value=0
              $default: CONST Int type=kotlin.Int value=1
          VAR PROPERTY_DELEGATE name:connState$delegate type:androidx.compose.runtime.State<com.asc.markets.logic.ConnectionState> [val]
            CALL 'public final fun collectAsState <T> (context: kotlin.coroutines.CoroutineContext?, $composer: androidx.compose.runtime.Composer?, $changed: kotlin.Int, $default: kotlin.Int): androidx.compose.runtime.State<T of androidx.compose.runtime.SnapshotStateKt.collectAsState> declared in androidx.compose.runtime.SnapshotStateKt' type=androidx.compose.runtime.State<com.asc.markets.logic.ConnectionState> origin=null
              <T>: com.asc.markets.logic.ConnectionState
              $receiver: CALL 'public final fun <get-state> (): kotlinx.coroutines.flow.StateFlow<com.asc.markets.logic.ConnectionState> declared in com.asc.markets.logic.ConnectivityManager' type=kotlinx.coroutines.flow.StateFlow<com.asc.markets.logic.ConnectionState> origin=GET_PROPERTY
                $this: GET_FIELD 'FIELD FIELD_FOR_OBJECT_INSTANCE name:INSTANCE type:com.asc.markets.logic.ConnectivityManager visibility:public [final,static] declared in com.asc.markets.logic.ConnectivityManager' type=com.asc.markets.logic.ConnectivityManager origin=null
              context: COMPOSITE type=kotlin.Nothing? origin=DEFAULT_VALUE
                CONST Null type=kotlin.Nothing? value=null
              $composer: GET_VAR '$composer: androidx.compose.runtime.Composer? [assignable] declared in com.asc.markets.ui.screens.DiagnosticsScreenKt.DiagnosticsScreen' type=androidx.compose.runtime.Composer? origin=null
              $changed: CONST Int type=kotlin.Int value=0
              $default: CONST Int type=kotlin.Int value=1
          VAR PROPERTY_DELEGATE name:logs$delegate type:androidx.compose.runtime.State<kotlin.collections.List<kotlin.String>> [val]
            CALL 'public final fun collectAsState <T> (context: kotlin.coroutines.CoroutineContext?, $composer: androidx.compose.runtime.Composer?, $changed: kotlin.Int, $default: kotlin.Int): androidx.compose.runtime.State<T of androidx.compose.runtime.SnapshotStateKt.collectAsState> declared in androidx.compose.runtime.SnapshotStateKt' type=androidx.compose.runtime.State<kotlin.collections.List<kotlin.String>> origin=null
              <T>: kotlin.collections.List<kotlin.String>
              $receiver: CALL 'public final fun <get-logs> (): kotlinx.coroutines.flow.StateFlow<kotlin.collections.List<kotlin.String>> declared in com.asc.markets.logic.ConnectivityManager' type=kotlinx.coroutines.flow.StateFlow<kotlin.collections.List<kotlin.String>> origin=GET_PROPERTY
                $this: GET_FIELD 'FIELD FIELD_FOR_OBJECT_INSTANCE name:INSTANCE type:com.asc.markets.logic.ConnectivityManager visibility:public [final,static] declared in com.asc.markets.logic.ConnectivityManager' type=com.asc.markets.logic.ConnectivityManager origin=null
              context: COMPOSITE type=kotlin.Nothing? origin=DEFAULT_VALUE
                CONST Null type=kotlin.Nothing? value=null
              $composer: GET_VAR '$composer: androidx.compose.runtime.Composer? [assignable] declared in com.asc.markets.ui.screens.DiagnosticsScreenKt.DiagnosticsScreen' type=androidx.compose.runtime.Composer? origin=null
              $changed: CONST Int type=kotlin.Int value=0
              $default: CONST Int type=kotlin.Int value=1
          VAR PROPERTY_DELEGATE name:feeds$delegate type:androidx.compose.runtime.State<kotlin.collections.List<com.asc.markets.logic.FeedStatus>> [val]
            CALL 'public final fun collectAsState <T> (context: kotlin.coroutines.CoroutineContext?, $composer: androidx.compose.runtime.Composer?, $changed: kotlin.Int, $default: kotlin.Int): androidx.compose.runtime.State<T of androidx.compose.runtime.SnapshotStateKt.collectAsState> declared in androidx.compose.runtime.SnapshotStateKt' type=androidx.compose.runtime.State<kotlin.collections.List<com.asc.markets.logic.FeedStatus>> origin=null
              <T>: kotlin.collections.List<com.asc.markets.logic.FeedStatus>
              $receiver: CALL 'public final fun <get-feeds> (): kotlinx.coroutines.flow.StateFlow<kotlin.collections.List<com.asc.markets.logic.FeedStatus>> declared in com.asc.markets.logic.FeedMonitor' type=kotlinx.coroutines.flow.StateFlow<kotlin.collections.List<com.asc.markets.logic.FeedStatus>> origin=GET_PROPERTY
                $this: GET_FIELD 'FIELD FIELD_FOR_OBJECT_INSTANCE name:INSTANCE type:com.asc.markets.logic.FeedMonitor visibility:public [final,static] declared in com.asc.markets.logic.FeedMonitor' type=com.asc.markets.logic.FeedMonitor origin=null
              context: COMPOSITE type=kotlin.Nothing? origin=DEFAULT_VALUE
                CONST Null type=kotlin.Nothing? value=null
              $composer: GET_VAR '$composer: androidx.compose.runtime.Composer? [assignable] declared in com.asc.markets.ui.screens.DiagnosticsScreenKt.DiagnosticsScreen' type=androidx.compose.runtime.Composer? origin=null
              $changed: CONST Int type=kotlin.Int value=0
              $default: CONST Int type=kotlin.Int value=1
          VAR name:terminalGreen type:androidx.compose.ui.graphics.Color [val]
            CALL 'public final fun Color (color: kotlin.Long): androidx.compose.ui.graphics.Color declared in androidx.compose.ui.graphics.ColorKt' type=androidx.compose.ui.graphics.Color origin=null
              color: CONST Long type=kotlin.Long value=4278255425
          VAR name:criticalRose type:androidx.compose.ui.graphics.Color [val]
            CALL 'public final fun Color (color: kotlin.Long): androidx.compose.ui.graphics.Color declared in androidx.compose.ui.graphics.ColorKt' type=androidx.compose.ui.graphics.Color origin=null
              color: CONST Long type=kotlin.Long value=4293871471
          VAR name:bg type:androidx.compose.ui.graphics.Color [val]
            CALL 'public final fun getBlack-0d7_KjU (): androidx.compose.ui.graphics.Color declared in androidx.compose.ui.graphics.Color.Companion' type=androidx.compose.ui.graphics.Color origin=GET_PROPERTY
              $this: GET_FIELD 'FIELD FIELD_FOR_OBJECT_INSTANCE name:Companion type:androidx.compose.ui.graphics.Color.Companion visibility:public [final,static] declared in androidx.compose.ui.graphics.Color' type=androidx.compose.ui.graphics.Color.Companion origin=null
          VAR name:lifecycleOwner type:androidx.lifecycle.LifecycleOwner [val]
            CALL 'public final fun <get-current> ($composer: androidx.compose.runtime.Composer?, $changed: kotlin.Int): T of androidx.compose.runtime.CompositionLocal [inline] declared in androidx.compose.runtime.CompositionLocal' type=androidx.lifecycle.LifecycleOwner origin=GET_PROPERTY
              $this: TYPE_OP type=androidx.compose.runtime.CompositionLocal<T of androidx.compose.runtime.CompositionLocal> origin=IMPLICIT_CAST typeOperand=androidx.compose.runtime.CompositionLocal<T of androidx.compose.runtime.CompositionLocal>
                CALL 'public final fun <get-LocalLifecycleOwner> (): androidx.compose.runtime.ProvidableCompositionLocal<androidx.lifecycle.LifecycleOwner> declared in androidx.compose.ui.platform.AndroidCompositionLocals_androidKt' type=androidx.compose.runtime.ProvidableCompositionLocal<androidx.lifecycle.LifecycleOwner> origin=GET_PROPERTY
              $composer: GET_VAR '$composer: androidx.compose.runtime.Composer? [assignable] declared in com.asc.markets.ui.screens.DiagnosticsScreenKt.DiagnosticsScreen' type=androidx.compose.runtime.Composer? origin=null
              $changed: CONST Int type=kotlin.Int value=0
          VAR name:context type:android.content.Context [val]
            CALL 'public final fun <get-current> ($composer: androidx.compose.runtime.Composer?, $changed: kotlin.Int): T of androidx.compose.runtime.CompositionLocal [inline] declared in androidx.compose.runtime.CompositionLocal' type=android.content.Context origin=GET_PROPERTY
              $this: TYPE_OP type=androidx.compose.runtime.CompositionLocal<T of androidx.compose.runtime.CompositionLocal> origin=IMPLICIT_CAST typeOperand=androidx.compose.runtime.CompositionLocal<T of androidx.compose.runtime.CompositionLocal>
                CALL 'public final fun <get-LocalContext> (): androidx.compose.runtime.ProvidableCompositionLocal<android.content.Context> declared in androidx.compose.ui.platform.AndroidCompositionLocals_androidKt' type=androidx.compose.runtime.ProvidableCompositionLocal<android.content.Context> origin=GET_PROPERTY
              $composer: GET_VAR '$composer: androidx.compose.runtime.Composer? [assignable] declared in com.asc.markets.ui.screens.DiagnosticsScreenKt.DiagnosticsScreen' type=androidx.compose.runtime.Composer? origin=null
              $changed: CONST Int type=kotlin.Int value=0
          CALL 'public final fun DisposableEffect (key1: kotlin.Any?, effect: @[ExtensionFunctionType] kotlin.Function1<androidx.compose.runtime.DisposableEffectScope, androidx.compose.runtime.DisposableEffectResult>, $composer: androidx.compose.runtime.Composer?, $changed: kotlin.Int): kotlin.Unit declared in androidx.compose.runtime.EffectsKt' type=kotlin.Unit origin=null
            key1: GET_VAR 'val lifecycleOwner: androidx.lifecycle.LifecycleOwner [val] declared in com.asc.markets.ui.screens.DiagnosticsScreenKt.DiagnosticsScreen' type=androidx.lifecycle.LifecycleOwner origin=null
            effect: BLOCK type=@[ExtensionFunctionType] kotlin.Function1<androidx.compose.runtime.DisposableEffectScope, androidx.compose.runtime.DisposableEffectResult> origin=null
              BLOCK type=kotlin.Unit origin=null
                CALL 'public abstract fun startReplaceableGroup (key: kotlin.Int): kotlin.Unit declared in androidx.compose.runtime.Composer' type=kotlin.Unit origin=null
                  $this: GET_VAR '$composer: androidx.compose.runtime.Composer? [assignable] declared in com.asc.markets.ui.screens.DiagnosticsScreenKt.DiagnosticsScreen' type=androidx.compose.runtime.Composer? origin=null
                  key: CONST Int type=kotlin.Int value=-443299197
                CALL 'public final fun sourceInformation (composer: androidx.compose.runtime.Composer, sourceInformation: kotlin.String): kotlin.Unit declared in androidx.compose.runtime.ComposerKt' type=kotlin.Unit origin=null
                  composer: GET_VAR '$composer: androidx.compose.runtime.Composer? [assignable] declared in com.asc.markets.ui.screens.DiagnosticsScreenKt.DiagnosticsScreen' type=androidx.compose.runtime.Composer? origin=null
                  sourceInformation: CONST String type=kotlin.String value="CC(remember):DiagnosticsScreen.kt#9igjgp"
              VAR IR_TEMPORARY_VARIABLE name:tmp0_group type:@[ExtensionFunctionType] kotlin.Function1<androidx.compose.runtime.DisposableEffectScope, androidx.compose.runtime.DisposableEffectResult> [val]
                CALL 'public final fun cache <T> (invalid: kotlin.Boolean, block: @[DisallowComposableCalls] kotlin.Function0<T of androidx.compose.runtime.ComposerKt.cache>): T of androidx.compose.runtime.ComposerKt.cache [inline] declared in androidx.compose.runtime.ComposerKt' type=@[ExtensionFunctionType] kotlin.Function1<androidx.compose.runtime.DisposableEffectScope, androidx.compose.runtime.DisposableEffectResult> origin=null
                  <T>: @[ExtensionFunctionType] kotlin.Function1<androidx.compose.runtime.DisposableEffectScope, androidx.compose.runtime.DisposableEffectResult>
                  $receiver: GET_VAR '$composer: androidx.compose.runtime.Composer? [assignable] declared in com.asc.markets.ui.screens.DiagnosticsScreenKt.DiagnosticsScreen' type=androidx.compose.runtime.Composer? origin=null
                  invalid: CALL 'public final fun or (other: kotlin.Boolean): kotlin.Boolean [infix] declared in kotlin.Boolean' type=kotlin.Boolean origin=null
                    $this: CALL 'public abstract fun changed (value: kotlin.Any?): kotlin.Boolean declared in androidx.compose.runtime.Composer' type=kotlin.Boolean origin=null
                      $this: GET_VAR '$composer: androidx.compose.runtime.Composer? [assignable] declared in com.asc.markets.ui.screens.DiagnosticsScreenKt.DiagnosticsScreen' type=androidx.compose.runtime.Composer? origin=null
                      value: GET_VAR 'val metrics$delegate: androidx.compose.runtime.State<com.asc.markets.logic.HealthMetrics> [val] declared in com.asc.markets.ui.screens.DiagnosticsScreenKt.DiagnosticsScreen' type=androidx.compose.runtime.State<com.asc.markets.logic.HealthMetrics> origin=null
                    other: CALL 'public open fun changedInstance (value: kotlin.Any?): kotlin.Boolean declared in androidx.compose.runtime.Composer' type=kotlin.Boolean origin=null
                      $this: GET_VAR '$composer: androidx.compose.runtime.Composer? [assignable] declared in com.asc.markets.ui.screens.DiagnosticsScreenKt.DiagnosticsScreen' type=androidx.compose.runtime.Composer? origin=null
                      value: GET_VAR 'val lifecycleOwner: androidx.lifecycle.LifecycleOwner [val] declared in com.asc.markets.ui.screens.DiagnosticsScreenKt.DiagnosticsScreen' type=androidx.lifecycle.LifecycleOwner origin=null
                  block: BLOCK type=kotlin.Function0<@[ExtensionFunctionType] kotlin.Function1<androidx.compose.runtime.DisposableEffectScope, androidx.compose.runtime.DisposableEffectResult>> origin=LAMBDA
                    COMPOSITE type=kotlin.Unit origin=null
                    FUNCTION_REFERENCE 'private final fun DiagnosticsScreen$lambda$18 ($lifecycleOwner: androidx.lifecycle.LifecycleOwner, $metrics$delegate: androidx.compose.runtime.State<com.asc.markets.logic.HealthMetrics>): @[ExtensionFunctionType] kotlin.Function1<androidx.compose.runtime.DisposableEffectScope, androidx.compose.runtime.DisposableEffectResult> declared in com.asc.markets.ui.screens.DiagnosticsScreenKt' type=kotlin.Function0<@[ExtensionFunctionType] kotlin.Function1<androidx.compose.runtime.DisposableEffectScope, androidx.compose.runtime.DisposableEffectResult>> origin=INLINE_LAMBDA reflectionTarget=null
                      $lifecycleOwner: GET_VAR 'val lifecycleOwner: androidx.lifecycle.LifecycleOwner [val] declared in com.asc.markets.ui.screens.DiagnosticsScreenKt.DiagnosticsScreen' type=androidx.lifecycle.LifecycleOwner origin=null
                      $metrics$delegate: GET_VAR 'val metrics$delegate: androidx.compose.runtime.State<com.asc.markets.logic.HealthMetrics> [val] declared in com.asc.markets.ui.screens.DiagnosticsScreenKt.DiagnosticsScreen' type=androidx.compose.runtime.State<com.asc.markets.logic.HealthMetrics> origin=null
              CALL 'public abstract fun endReplaceableGroup (): kotlin.Unit declared in androidx.compose.runtime.Composer' type=kotlin.Unit origin=null
                $this: GET_VAR '$composer: androidx.compose.runtime.Composer? [assignable] declared in com.asc.markets.ui.screens.DiagnosticsScreenKt.DiagnosticsScreen' type=androidx.compose.runtime.Composer? origin=null
              GET_VAR 'val tmp0_group: @[ExtensionFunctionType] kotlin.Function1<androidx.compose.runtime.DisposableEffectScope, androidx.compose.runtime.DisposableEffectResult> [val] declared in com.asc.markets.ui.screens.DiagnosticsScreenKt.DiagnosticsScreen' type=@[ExtensionFunctionType] kotlin.Function1<androidx.compose.runtime.DisposableEffectScope, androidx.compose.runtime.DisposableEffectResult> origin=null
            $composer: GET_VAR '$composer: androidx.compose.runtime.Composer? [assignable] declared in com.asc.markets.ui.screens.DiagnosticsScreenKt.DiagnosticsScreen' type=androidx.compose.runtime.Composer? origin=null
            $changed: CONST Int type=kotlin.Int value=0
          CALL 'public final fun LazyColumn (modifier: androidx.compose.ui.Modifier?, state: androidx.compose.foundation.lazy.LazyListState?, contentPadding: androidx.compose.foundation.layout.PaddingValues?, reverseLayout: kotlin.Boolean, verticalArrangement: androidx.compose.foundation.layout.Arrangement.Vertical?, horizontalAlignment: androidx.compose.ui.Alignment.Horizontal?, flingBehavior: androidx.compose.foundation.gestures.FlingBehavior?, userScrollEnabled: kotlin.Boolean, content: @[ExtensionFunctionType] kotlin.Function1<androidx.compose.foundation.lazy.LazyListScope, kotlin.Unit>, $composer: androidx.compose.runtime.Composer?, $changed: kotlin.Int, $default: kotlin.Int): kotlin.Unit declared in androidx.compose.foundation.lazy.LazyDslKt' type=kotlin.Unit origin=null
            modifier: CALL 'public final fun padding-3ABfNKs (all: androidx.compose.ui.unit.Dp): androidx.compose.ui.Modifier declared in androidx.compose.foundation.layout.PaddingKt' type=androidx.compose.ui.Modifier origin=null
              $receiver: CALL 'public final fun background-bw27NRU$default (color: androidx.compose.ui.graphics.Color, shape: androidx.compose.ui.graphics.Shape?, $mask0: kotlin.Int, $handler: kotlin.Any?): androidx.compose.ui.Modifier declared in androidx.compose.foundation.BackgroundKt' type=androidx.compose.ui.Modifier origin=DEFAULT_DISPATCH_CALL
                $receiver: CALL 'public final fun fillMaxSize$default (fraction: kotlin.Float, $mask0: kotlin.Int, $handler: kotlin.Any?): androidx.compose.ui.Modifier declared in androidx.compose.foundation.layout.SizeKt' type=androidx.compose.ui.Modifier origin=DEFAULT_DISPATCH_CALL
                  $receiver: GET_FIELD 'FIELD FIELD_FOR_OBJECT_INSTANCE name:Companion type:androidx.compose.ui.Modifier.Companion visibility:public [final,static] declared in androidx.compose.ui.Modifier' type=androidx.compose.ui.Modifier.Companion origin=null
                  fraction: COMPOSITE type=kotlin.Float origin=DEFAULT_VALUE
                    CONST Float type=kotlin.Float value=0.0
                  $mask0: CONST Int type=kotlin.Int value=1
                  $handler: CONST Null type=kotlin.Any? value=null
                color: GET_VAR 'val bg: androidx.compose.ui.graphics.Color [val] declared in com.asc.markets.ui.screens.DiagnosticsScreenKt.DiagnosticsScreen' type=androidx.compose.ui.graphics.Color origin=null
                shape: COMPOSITE type=androidx.compose.ui.graphics.Shape? origin=DEFAULT_VALUE
                  CONST Null type=androidx.compose.ui.graphics.Shape? value=null
                $mask0: CONST Int type=kotlin.Int value=2
                $handler: CONST Null type=kotlin.Any? value=null
              all: CALL 'public final fun <get-dp> (): androidx.compose.ui.unit.Dp [inline] declared in androidx.compose.ui.unit.DpKt' type=androidx.compose.ui.unit.Dp origin=GET_PROPERTY
                $receiver: CONST Int type=kotlin.Int value=12
            state: COMPOSITE type=kotlin.Nothing? origin=DEFAULT_VALUE
              CONST Null type=kotlin.Nothing? value=null
            contentPadding: COMPOSITE type=kotlin.Nothing? origin=DEFAULT_VALUE
              CONST Null type=kotlin.Nothing? value=null
            reverseLayout: COMPOSITE type=kotlin.Boolean origin=DEFAULT_VALUE
              CONST Boolean type=kotlin.Boolean value=false
            verticalArrangement: COMPOSITE type=kotlin.Nothing? origin=DEFAULT_VALUE
              CONST Null type=kotlin.Nothing? value=null
            horizontalAlignment: COMPOSITE type=kotlin.Nothing? origin=DEFAULT_VALUE
              CONST Null type=kotlin.Nothing? value=null
            flingBehavior: COMPOSITE type=kotlin.Nothing? origin=DEFAULT_VALUE
              CONST Null type=kotlin.Nothing? value=null
            userScrollEnabled: COMPOSITE type=kotlin.Boolean origin=DEFAULT_VALUE
              CONST Boolean type=kotlin.Boolean value=false
            content: BLOCK type=@[ExtensionFunctionType] kotlin.Function1<androidx.compose.foundation.lazy.LazyListScope, kotlin.Unit> origin=null
              BLOCK type=kotlin.Unit origin=null
                CALL 'public abstract fun startReplaceableGroup (key: kotlin.Int): kotlin.Unit declared in androidx.compose.runtime.Composer' type=kotlin.Unit origin=null
                  $this: GET_VAR '$composer: androidx.compose.runtime.Composer? [assignable] declared in com.asc.markets.ui.screens.DiagnosticsScreenKt.DiagnosticsScreen' type=androidx.compose.runtime.Composer? origin=null
                  key: CONST Int type=kotlin.Int value=-443252558
                CALL 'public final fun sourceInformation (composer: androidx.compose.runtime.Composer, sourceInformation: kotlin.String): kotlin.Unit declared in androidx.compose.runtime.ComposerKt' type=kotlin.Unit origin=null
                  composer: GET_VAR '$composer: androidx.compose.runtime.Composer? [assignable] declared in com.asc.markets.ui.screens.DiagnosticsScreenKt.DiagnosticsScreen' type=androidx.compose.runtime.Composer? origin=null
                  sourceInformation: CONST String type=kotlin.String value="CC(remember):DiagnosticsScreen.kt#9igjgp"
              VAR IR_TEMPORARY_VARIABLE name:tmp1_group type:@[ExtensionFunctionType] kotlin.Function1<androidx.compose.foundation.lazy.LazyListScope, kotlin.Unit> [val]
                CALL 'public final fun cache <T> (invalid: kotlin.Boolean, block: @[DisallowComposableCalls] kotlin.Function0<T of androidx.compose.runtime.ComposerKt.cache>): T of androidx.compose.runtime.ComposerKt.cache [inline] declared in androidx.compose.runtime.ComposerKt' type=@[ExtensionFunctionType] kotlin.Function1<androidx.compose.foundation.lazy.LazyListScope, kotlin.Unit> origin=null
                  <T>: @[ExtensionFunctionType] kotlin.Function1<androidx.compose.foundation.lazy.LazyListScope, kotlin.Unit>
                  $receiver: GET_VAR '$composer: androidx.compose.runtime.Composer? [assignable] declared in com.asc.markets.ui.screens.DiagnosticsScreenKt.DiagnosticsScreen' type=androidx.compose.runtime.Composer? origin=null
                  invalid: CALL 'public final fun or (other: kotlin.Boolean): kotlin.Boolean [infix] declared in kotlin.Boolean' type=kotlin.Boolean origin=null
                    $this: CALL 'public final fun or (other: kotlin.Boolean): kotlin.Boolean [infix] declared in kotlin.Boolean' type=kotlin.Boolean origin=null
                      $this: CALL 'public final fun or (other: kotlin.Boolean): kotlin.Boolean [infix] declared in kotlin.Boolean' type=kotlin.Boolean origin=null
                        $this: CALL 'public final fun or (other: kotlin.Boolean): kotlin.Boolean [infix] declared in kotlin.Boolean' type=kotlin.Boolean origin=null
                          $this: CALL 'public abstract fun changed (value: kotlin.Any?): kotlin.Boolean declared in androidx.compose.runtime.Composer' type=kotlin.Boolean origin=null
                            $this: GET_VAR '$composer: androidx.compose.runtime.Composer? [assignable] declared in com.asc.markets.ui.screens.DiagnosticsScreenKt.DiagnosticsScreen' type=androidx.compose.runtime.Composer? origin=null
                            value: GET_VAR 'val connState$delegate: androidx.compose.runtime.State<com.asc.markets.logic.ConnectionState> [val] declared in com.asc.markets.ui.screens.DiagnosticsScreenKt.DiagnosticsScreen' type=androidx.compose.runtime.State<com.asc.markets.logic.ConnectionState> origin=null
                          other: CALL 'public abstract fun changed (value: kotlin.Any?): kotlin.Boolean declared in androidx.compose.runtime.Composer' type=kotlin.Boolean origin=null
                            $this: GET_VAR '$composer: androidx.compose.runtime.Composer? [assignable] declared in com.asc.markets.ui.screens.DiagnosticsScreenKt.DiagnosticsScreen' type=androidx.compose.runtime.Composer? origin=null
                            value: GET_VAR 'val metrics$delegate: androidx.compose.runtime.State<com.asc.markets.logic.HealthMetrics> [val] declared in com.asc.markets.ui.screens.DiagnosticsScreenKt.DiagnosticsScreen' type=androidx.compose.runtime.State<com.asc.markets.logic.HealthMetrics> origin=null
                        other: CALL 'public open fun changedInstance (value: kotlin.Any?): kotlin.Boolean declared in androidx.compose.runtime.Composer' type=kotlin.Boolean origin=null
                          $this: GET_VAR '$composer: androidx.compose.runtime.Composer? [assignable] declared in com.asc.markets.ui.screens.DiagnosticsScreenKt.DiagnosticsScreen' type=androidx.compose.runtime.Composer? origin=null
                          value: GET_VAR 'val context: android.content.Context [val] declared in com.asc.markets.ui.screens.DiagnosticsScreenKt.DiagnosticsScreen' type=android.content.Context origin=null
                      other: CALL 'public abstract fun changed (value: kotlin.Any?): kotlin.Boolean declared in androidx.compose.runtime.Composer' type=kotlin.Boolean origin=null
                        $this: GET_VAR '$composer: androidx.compose.runtime.Composer? [assignable] declared in com.asc.markets.ui.screens.DiagnosticsScreenKt.DiagnosticsScreen' type=androidx.compose.runtime.Composer? origin=null
                        value: GET_VAR 'val feeds$delegate: androidx.compose.runtime.State<kotlin.collections.List<com.asc.markets.logic.FeedStatus>> [val] declared in com.asc.markets.ui.screens.DiagnosticsScreenKt.DiagnosticsScreen' type=androidx.compose.runtime.State<kotlin.collections.List<com.asc.markets.logic.FeedStatus>> origin=null
                    other: CALL 'public abstract fun changed (value: kotlin.Any?): kotlin.Boolean declared in androidx.compose.runtime.Composer' type=kotlin.Boolean origin=null
                      $this: GET_VAR '$composer: androidx.compose.runtime.Composer? [assignable] declared in com.asc.markets.ui.screens.DiagnosticsScreenKt.DiagnosticsScreen' type=androidx.compose.runtime.Composer? origin=null
                      value: GET_VAR 'val logs$delegate: androidx.compose.runtime.State<kotlin.collections.List<kotlin.String>> [val] declared in com.asc.markets.ui.screens.DiagnosticsScreenKt.DiagnosticsScreen' type=androidx.compose.runtime.State<kotlin.collections.List<kotlin.String>> origin=null
                  block: BLOCK type=kotlin.Function0<@[ExtensionFunctionType] kotlin.Function1<androidx.compose.foundation.lazy.LazyListScope, kotlin.Unit>> origin=LAMBDA
                    COMPOSITE type=kotlin.Unit origin=null
                    FUNCTION_REFERENCE 'private final fun DiagnosticsScreen$lambda$20 ($terminalGreen: androidx.compose.ui.graphics.Color, $criticalRose: androidx.compose.ui.graphics.Color, $connState$delegate: androidx.compose.runtime.State<com.asc.markets.logic.ConnectionState>, $metrics$delegate: androidx.compose.runtime.State<com.asc.markets.logic.HealthMetrics>, $context: android.content.Context, $feeds$delegate: androidx.compose.runtime.State<kotlin.collections.List<com.asc.markets.logic.FeedStatus>>, $logs$delegate: androidx.compose.runtime.State<kotlin.collections.List<kotlin.String>>): @[ExtensionFunctionType] kotlin.Function1<androidx.compose.foundation.lazy.LazyListScope, kotlin.Unit> declared in com.asc.markets.ui.screens.DiagnosticsScreenKt' type=kotlin.Function0<@[ExtensionFunctionType] kotlin.Function1<androidx.compose.foundation.lazy.LazyListScope, kotlin.Unit>> origin=INLINE_LAMBDA reflectionTarget=null
                      $terminalGreen: GET_VAR 'val terminalGreen: androidx.compose.ui.graphics.Color [val] declared in com.asc.markets.ui.screens.DiagnosticsScreenKt.DiagnosticsScreen' type=androidx.compose.ui.graphics.Color origin=null
                      $criticalRose: GET_VAR 'val criticalRose: androidx.compose.ui.graphics.Color [val] declared in com.asc.markets.ui.screens.DiagnosticsScreenKt.DiagnosticsScreen' type=androidx.compose.ui.graphics.Color origin=null
                      $connState$delegate: GET_VAR 'val connState$delegate: androidx.compose.runtime.State<com.asc.markets.logic.ConnectionState> [val] declared in com.asc.markets.ui.screens.DiagnosticsScreenKt.DiagnosticsScreen' type=androidx.compose.runtime.State<com.asc.markets.logic.ConnectionState> origin=null
                      $metrics$delegate: GET_VAR 'val metrics$delegate: androidx.compose.runtime.State<com.asc.markets.logic.HealthMetrics> [val] declared in com.asc.markets.ui.screens.DiagnosticsScreenKt.DiagnosticsScreen' type=androidx.compose.runtime.State<com.asc.markets.logic.HealthMetrics> origin=null
                      $context: GET_VAR 'val context: android.content.Context [val] declared in com.asc.markets.ui.screens.DiagnosticsScreenKt.DiagnosticsScreen' type=android.content.Context origin=null
                      $feeds$delegate: GET_VAR 'val feeds$delegate: androidx.compose.runtime.State<kotlin.collections.List<com.asc.markets.logic.FeedStatus>> [val] declared in com.asc.markets.ui.screens.DiagnosticsScreenKt.DiagnosticsScreen' type=androidx.compose.runtime.State<kotlin.collections.List<com.asc.markets.logic.FeedStatus>> origin=null
                      $logs$delegate: GET_VAR 'val logs$delegate: androidx.compose.runtime.State<kotlin.collections.List<kotlin.String>> [val] declared in com.asc.markets.ui.screens.DiagnosticsScreenKt.DiagnosticsScreen' type=androidx.compose.runtime.State<kotlin.collections.List<kotlin.String>> origin=null
              CALL 'public abstract fun endReplaceableGroup (): kotlin.Unit declared in androidx.compose.runtime.Composer' type=kotlin.Unit origin=null
                $this: GET_VAR '$composer: androidx.compose.runtime.Composer? [assignable] declared in com.asc.markets.ui.screens.DiagnosticsScreenKt.DiagnosticsScreen' type=androidx.compose.runtime.Composer? origin=null
              GET_VAR 'val tmp1_group: @[ExtensionFunctionType] kotlin.Function1<androidx.compose.foundation.lazy.LazyListScope, kotlin.Unit> [val] declared in com.asc.markets.ui.screens.DiagnosticsScreenKt.DiagnosticsScreen' type=@[ExtensionFunctionType] kotlin.Function1<androidx.compose.foundation.lazy.LazyListScope, kotlin.Unit> origin=null
            $composer: GET_VAR '$composer: androidx.compose.runtime.Composer? [assignable] declared in com.asc.markets.ui.screens.DiagnosticsScreenKt.DiagnosticsScreen' type=androidx.compose.runtime.Composer? origin=null
            $changed: CONST Int type=kotlin.Int value=6
            $default: CONST Int type=kotlin.Int value=254
          WHEN type=kotlin.Unit origin=IF
            BRANCH
              if: CALL 'public final fun isTraceInProgress (): kotlin.Boolean declared in androidx.compose.runtime.ComposerKt' type=kotlin.Boolean origin=null
              then: CALL 'public final fun traceEventEnd (): kotlin.Unit declared in androidx.compose.runtime.ComposerKt' type=kotlin.Unit origin=null
      BRANCH
        if: CONST Boolean type=kotlin.Boolean value=true
        then: CALL 'public abstract fun skipToGroupEnd (): kotlin.Unit declared in androidx.compose.runtime.Composer' type=kotlin.Unit origin=null
          $this: GET_VAR '$composer: androidx.compose.runtime.Composer? [assignable] declared in com.asc.markets.ui.screens.DiagnosticsScreenKt.DiagnosticsScreen' type=androidx.compose.runtime.Composer? origin=null
    BLOCK type=kotlin.Unit origin=null
      BLOCK type=kotlin.Unit origin=FOLDED_SAFE_CALL
        WHEN type=kotlin.Unit origin=FOLDED_SAFE_CALL
          BRANCH
            if: COMPOSITE type=kotlin.Boolean origin=null
              VAR IR_TEMPORARY_VARIABLE name:tmp2_safe_receiver type:androidx.compose.runtime.ScopeUpdateScope? [val]
                CALL 'public abstract fun endRestartGroup (): androidx.compose.runtime.ScopeUpdateScope? declared in androidx.compose.runtime.Composer' type=androidx.compose.runtime.ScopeUpdateScope? origin=null
                  $this: GET_VAR '$composer: androidx.compose.runtime.Composer? [assignable] declared in com.asc.markets.ui.screens.DiagnosticsScreenKt.DiagnosticsScreen' type=androidx.compose.runtime.Composer? origin=null
              CALL 'public final fun not (): kotlin.Boolean [operator] declared in kotlin.Boolean' type=kotlin.Boolean origin=null
                $this: CALL 'public final fun EQEQ (arg0: kotlin.Any?, arg1: kotlin.Any?): kotlin.Boolean declared in kotlin.internal.ir' type=kotlin.Boolean origin=null
                  arg0: GET_VAR 'val tmp2_safe_receiver: androidx.compose.runtime.ScopeUpdateScope? [val] declared in com.asc.markets.ui.screens.DiagnosticsScreenKt.DiagnosticsScreen' type=androidx.compose.runtime.ScopeUpdateScope? origin=null
                  arg1: CONST Null type=kotlin.Nothing? value=null
            then: CALL 'public abstract fun updateScope (block: kotlin.Function2<androidx.compose.runtime.Composer, kotlin.Int, kotlin.Unit>): kotlin.Unit declared in androidx.compose.runtime.ScopeUpdateScope' type=kotlin.Unit origin=null
              $this: GET_VAR 'val tmp2_safe_receiver: androidx.compose.runtime.ScopeUpdateScope? [val] declared in com.asc.markets.ui.screens.DiagnosticsScreenKt.DiagnosticsScreen' type=androidx.compose.runtime.ScopeUpdateScope? origin=null
              block: BLOCK type=kotlin.Function2<androidx.compose.runtime.Composer?, kotlin.Int, kotlin.Unit> origin=LAMBDA
                COMPOSITE type=kotlin.Unit origin=null
                CALL 'public final fun <jvm-indy> <T> (dynamicCall: T of kotlin.jvm.internal.<jvm-indy>, bootstrapMethodHandle: kotlin.Any, vararg bootstrapMethodArguments: kotlin.Any): T of kotlin.jvm.internal.<jvm-indy> declared in kotlin.jvm.internal' type=kotlin.Function2<androidx.compose.runtime.Composer?, kotlin.Int, kotlin.Unit> origin=null
                  <T>: kotlin.Function2<androidx.compose.runtime.Composer?, kotlin.Int, kotlin.Unit>
                  dynamicCall: CALL 'public final fun invoke (p0: kotlin.Int): kotlin.Function2<androidx.compose.runtime.Composer?, kotlin.Int, kotlin.Unit> declared in kotlin.jvm.internal.invokeDynamic' type=kotlin.Function2<androidx.compose.runtime.Composer?, kotlin.Int, kotlin.Unit> origin=null
                    p0: GET_VAR '$changed: kotlin.Int declared in com.asc.markets.ui.screens.DiagnosticsScreenKt.DiagnosticsScreen' type=kotlin.Int origin=null
                  bootstrapMethodHandle: CALL 'public final fun <jvm-method-handle> (tag: kotlin.Int, owner: kotlin.String, name: kotlin.String, descriptor: kotlin.String, isInterface: kotlin.Boolean): kotlin.Any declared in kotlin.jvm.internal' type=kotlin.Any origin=null
                    tag: CONST Int type=kotlin.Int value=6
                    owner: CONST String type=kotlin.String value="java/lang/invoke/LambdaMetafactory"
                    name: CONST String type=kotlin.String value="metafactory"
                    descriptor: CONST String type=kotlin.String value="(Ljava/lang/invoke/MethodHandles$Lookup;Ljava/lang/String;Ljava/lang/invoke/MethodType;Ljava/lang/invoke/MethodType;Ljava/lang/invoke/MethodHandle;Ljava/lang/invoke/MethodType;)Ljava/lang/invoke/CallSite;"
                    isInterface: CONST Boolean type=kotlin.Boolean value=false
                  bootstrapMethodArguments: VARARG type=kotlin.Array<kotlin.Any> varargElementType=kotlin.Any
                    CALL 'public final fun <jvm-original-method-type> (method: kotlin.Any): kotlin.Any declared in kotlin.jvm.internal' type=kotlin.Any origin=null
                      method: RAW_FUNCTION_REFERENCE 'public abstract fun invoke (p1: P1 of kotlin.Function2, p2: P2 of kotlin.Function2): R of kotlin.Function2 [operator] declared in kotlin.Function2' type=kotlin.Any
                    RAW_FUNCTION_REFERENCE 'private final fun DiagnosticsScreen$lambda$21 ($$changed: kotlin.Int, $composer: androidx.compose.runtime.Composer?, $force: kotlin.Int): kotlin.Unit? declared in com.asc.markets.ui.screens.DiagnosticsScreenKt' type=kotlin.Any
                    CALL 'public final fun <jvm-original-method-type> (method: kotlin.Any): kotlin.Any declared in kotlin.jvm.internal' type=kotlin.Any origin=null
                      method: RAW_FUNCTION_REFERENCE 'public abstract fun invoke (p1: androidx.compose.runtime.Composer?, p2: kotlin.Int?): kotlin.Unit? [fake_override,operator] declared in kotlin.jvm.internal.invokeDynamic.<fake>' type=kotlin.Any
          BRANCH
            if: CONST Boolean type=kotlin.Boolean value=true
            then: CONST Null type=kotlin.Any? value=null

	at org.jetbrains.kotlin.backend.jvm.codegen.FunctionCodegen.generate(FunctionCodegen.kt:47)
	at org.jetbrains.kotlin.backend.jvm.codegen.FunctionCodegen.generate$default(FunctionCodegen.kt:40)
	at org.jetbrains.kotlin.backend.jvm.codegen.ClassCodegen.generateMethodNode(ClassCodegen.kt:406)
	at org.jetbrains.kotlin.backend.jvm.codegen.ClassCodegen.generateMethod(ClassCodegen.kt:423)
	at org.jetbrains.kotlin.backend.jvm.codegen.ClassCodegen.generate(ClassCodegen.kt:168)
	at org.jetbrains.kotlin.backend.jvm.FileCodegen.lower(JvmPhases.kt:39)
	at org.jetbrains.kotlin.backend.common.phaser.PhaseFactoriesKt.createFilePhase$lambda$4(PhaseFactories.kt:71)
	at org.jetbrains.kotlin.backend.common.phaser.PhaseBuildersKt$createSimpleNamedCompilerPhase$1.phaseBody(PhaseBuilders.kt:69)
	at org.jetbrains.kotlin.backend.common.phaser.SimpleNamedCompilerPhase.phaseBody(CompilerPhase.kt:226)
	at org.jetbrains.kotlin.backend.common.phaser.AbstractNamedCompilerPhase.invoke(CompilerPhase.kt:113)
	at org.jetbrains.kotlin.backend.common.phaser.PerformByIrFilePhase.invokeSequential(performByIrFile.kt:62)
	... 43 more
Caused by: java.lang.RuntimeException: Exception while generating code for:
FUN INLINE_LAMBDA name:DiagnosticsScreen$lambda$20 visibility:private modality:FINAL <> ($terminalGreen:androidx.compose.ui.graphics.Color, $criticalRose:androidx.compose.ui.graphics.Color, $connState$delegate:androidx.compose.runtime.State<com.asc.markets.logic.ConnectionState>, $metrics$delegate:androidx.compose.runtime.State<com.asc.markets.logic.HealthMetrics>, $context:android.content.Context, $feeds$delegate:androidx.compose.runtime.State<kotlin.collections.List<com.asc.markets.logic.FeedStatus>>, $logs$delegate:androidx.compose.runtime.State<kotlin.collections.List<kotlin.String>>) returnType:@[ExtensionFunctionType] kotlin.Function1<androidx.compose.foundation.lazy.LazyListScope, kotlin.Unit>
  VALUE_PARAMETER BOUND_VALUE_PARAMETER name:$terminalGreen index:0 type:androidx.compose.ui.graphics.Color
  VALUE_PARAMETER BOUND_VALUE_PARAMETER name:$criticalRose index:1 type:androidx.compose.ui.graphics.Color
  VALUE_PARAMETER BOUND_VALUE_PARAMETER name:$connState$delegate index:2 type:androidx.compose.runtime.State<com.asc.markets.logic.ConnectionState>
  VALUE_PARAMETER BOUND_VALUE_PARAMETER name:$metrics$delegate index:3 type:androidx.compose.runtime.State<com.asc.markets.logic.HealthMetrics>
  VALUE_PARAMETER BOUND_VALUE_PARAMETER name:$context index:4 type:android.content.Context
  VALUE_PARAMETER BOUND_VALUE_PARAMETER name:$feeds$delegate index:5 type:androidx.compose.runtime.State<kotlin.collections.List<com.asc.markets.logic.FeedStatus>>
  VALUE_PARAMETER BOUND_VALUE_PARAMETER name:$logs$delegate index:6 type:androidx.compose.runtime.State<kotlin.collections.List<kotlin.String>>
  BLOCK_BODY
    VAR name:$i$a$-cache-DiagnosticsScreenKt$DiagnosticsScreen$2 type:kotlin.Int [val]
      CONST Int type=kotlin.Int value=0
    RETURN type=kotlin.Nothing from='private final fun DiagnosticsScreen$lambda$20 ($terminalGreen: androidx.compose.ui.graphics.Color, $criticalRose: androidx.compose.ui.graphics.Color, $connState$delegate: androidx.compose.runtime.State<com.asc.markets.logic.ConnectionState>, $metrics$delegate: androidx.compose.runtime.State<com.asc.markets.logic.HealthMetrics>, $context: android.content.Context, $feeds$delegate: androidx.compose.runtime.State<kotlin.collections.List<com.asc.markets.logic.FeedStatus>>, $logs$delegate: androidx.compose.runtime.State<kotlin.collections.List<kotlin.String>>): @[ExtensionFunctionType] kotlin.Function1<androidx.compose.foundation.lazy.LazyListScope, kotlin.Unit> declared in com.asc.markets.ui.screens.DiagnosticsScreenKt'
      BLOCK type=@[ExtensionFunctionType] kotlin.Function1<androidx.compose.foundation.lazy.LazyListScope, kotlin.Unit> origin=LAMBDA
        COMPOSITE type=kotlin.Unit origin=null
        CALL 'public final fun <jvm-indy> <T> (dynamicCall: T of kotlin.jvm.internal.<jvm-indy>, bootstrapMethodHandle: kotlin.Any, vararg bootstrapMethodArguments: kotlin.Any): T of kotlin.jvm.internal.<jvm-indy> declared in kotlin.jvm.internal' type=@[ExtensionFunctionType] kotlin.Function1<androidx.compose.foundation.lazy.LazyListScope, kotlin.Unit> origin=null
          <T>: @[ExtensionFunctionType] kotlin.Function1<androidx.compose.foundation.lazy.LazyListScope, kotlin.Unit>
          dynamicCall: CALL 'public final fun invoke (p0: androidx.compose.ui.graphics.Color, p1: androidx.compose.ui.graphics.Color, p2: androidx.compose.runtime.State<com.asc.markets.logic.ConnectionState>, p3: androidx.compose.runtime.State<com.asc.markets.logic.HealthMetrics>, p4: android.content.Context, p5: androidx.compose.runtime.State<kotlin.collections.List<com.asc.markets.logic.FeedStatus>>, p6: androidx.compose.runtime.State<kotlin.collections.List<kotlin.String>>): @[ExtensionFunctionType] kotlin.Function1<androidx.compose.foundation.lazy.LazyListScope, kotlin.Unit> declared in kotlin.jvm.internal.invokeDynamic' type=@[ExtensionFunctionType] kotlin.Function1<androidx.compose.foundation.lazy.LazyListScope, kotlin.Unit> origin=null
            p0: GET_VAR '$terminalGreen: androidx.compose.ui.graphics.Color declared in com.asc.markets.ui.screens.DiagnosticsScreenKt.DiagnosticsScreen$lambda$20' type=androidx.compose.ui.graphics.Color origin=null
            p1: GET_VAR '$criticalRose: androidx.compose.ui.graphics.Color declared in com.asc.markets.ui.screens.DiagnosticsScreenKt.DiagnosticsScreen$lambda$20' type=androidx.compose.ui.graphics.Color origin=null
            p2: GET_VAR '$connState$delegate: androidx.compose.runtime.State<com.asc.markets.logic.ConnectionState> declared in com.asc.markets.ui.screens.DiagnosticsScreenKt.DiagnosticsScreen$lambda$20' type=androidx.compose.runtime.State<com.asc.markets.logic.ConnectionState> origin=null
            p3: GET_VAR '$metrics$delegate: androidx.compose.runtime.State<com.asc.markets.logic.HealthMetrics> declared in com.asc.markets.ui.screens.DiagnosticsScreenKt.DiagnosticsScreen$lambda$20' type=androidx.compose.runtime.State<com.asc.markets.logic.HealthMetrics> origin=null
            p4: GET_VAR '$context: android.content.Context declared in com.asc.markets.ui.screens.DiagnosticsScreenKt.DiagnosticsScreen$lambda$20' type=android.content.Context origin=null
            p5: GET_VAR '$feeds$delegate: androidx.compose.runtime.State<kotlin.collections.List<com.asc.markets.logic.FeedStatus>> declared in com.asc.markets.ui.screens.DiagnosticsScreenKt.DiagnosticsScreen$lambda$20' type=androidx.compose.runtime.State<kotlin.collections.List<com.asc.markets.logic.FeedStatus>> origin=null
            p6: GET_VAR '$logs$delegate: androidx.compose.runtime.State<kotlin.collections.List<kotlin.String>> declared in com.asc.markets.ui.screens.DiagnosticsScreenKt.DiagnosticsScreen$lambda$20' type=androidx.compose.runtime.State<kotlin.collections.List<kotlin.String>> origin=null
          bootstrapMethodHandle: CALL 'public final fun <jvm-method-handle> (tag: kotlin.Int, owner: kotlin.String, name: kotlin.String, descriptor: kotlin.String, isInterface: kotlin.Boolean): kotlin.Any declared in kotlin.jvm.internal' type=kotlin.Any origin=null
            tag: CONST Int type=kotlin.Int value=6
            owner: CONST String type=kotlin.String value="java/lang/invoke/LambdaMetafactory"
            name: CONST String type=kotlin.String value="metafactory"
            descriptor: CONST String type=kotlin.String value="(Ljava/lang/invoke/MethodHandles$Lookup;Ljava/lang/String;Ljava/lang/invoke/MethodType;Ljava/lang/invoke/MethodType;Ljava/lang/invoke/MethodHandle;Ljava/lang/invoke/MethodType;)Ljava/lang/invoke/CallSite;"
            isInterface: CONST Boolean type=kotlin.Boolean value=false
          bootstrapMethodArguments: VARARG type=kotlin.Array<kotlin.Any> varargElementType=kotlin.Any
            CALL 'public final fun <jvm-original-method-type> (method: kotlin.Any): kotlin.Any declared in kotlin.jvm.internal' type=kotlin.Any origin=null
              method: RAW_FUNCTION_REFERENCE 'public abstract fun invoke (p1: P1 of kotlin.Function1): R of kotlin.Function1 [operator] declared in kotlin.Function1' type=kotlin.Any
            RAW_FUNCTION_REFERENCE 'private final fun DiagnosticsScreen$lambda$20$lambda$19 ($terminalGreen: androidx.compose.ui.graphics.Color, $criticalRose: androidx.compose.ui.graphics.Color, $connState$delegate: androidx.compose.runtime.State<com.asc.markets.logic.ConnectionState>, $metrics$delegate: androidx.compose.runtime.State<com.asc.markets.logic.HealthMetrics>, $context: android.content.Context, $feeds$delegate: androidx.compose.runtime.State<kotlin.collections.List<com.asc.markets.logic.FeedStatus>>, $logs$delegate: androidx.compose.runtime.State<kotlin.collections.List<kotlin.String>>, $this$LazyColumn: androidx.compose.foundation.lazy.LazyListScope): kotlin.Unit? declared in com.asc.markets.ui.screens.DiagnosticsScreenKt' type=kotlin.Any
            CALL 'public final fun <jvm-original-method-type> (method: kotlin.Any): kotlin.Any declared in kotlin.jvm.internal' type=kotlin.Any origin=null
              method: RAW_FUNCTION_REFERENCE 'public abstract fun invoke (p1: androidx.compose.foundation.lazy.LazyListScope): kotlin.Unit? [fake_override,operator] declared in kotlin.jvm.internal.invokeDynamic.<fake>' type=kotlin.Any

	at org.jetbrains.kotlin.backend.jvm.codegen.FunctionCodegen.generate(FunctionCodegen.kt:47)
	at org.jetbrains.kotlin.backend.jvm.codegen.IrSourceCompilerForInline.generateLambdaBody(IrSourceCompilerForInline.kt:67)
	at org.jetbrains.kotlin.codegen.inline.ExpressionLambda.generateLambdaBody(LambdaInfo.kt:72)
	at org.jetbrains.kotlin.backend.jvm.codegen.IrInlineCodegen.genValueAndPut(IrInlineCodegen.kt:100)
	at org.jetbrains.kotlin.backend.jvm.codegen.ExpressionCodegen.visitCall$handleParameter(ExpressionCodegen.kt:616)
	at org.jetbrains.kotlin.backend.jvm.codegen.ExpressionCodegen.visitCall(ExpressionCodegen.kt:644)
	at org.jetbrains.kotlin.backend.jvm.codegen.ExpressionCodegen.visitCall(ExpressionCodegen.kt:138)
	at org.jetbrains.kotlin.ir.expressions.IrCall.accept(IrCall.kt:24)
	at org.jetbrains.kotlin.backend.jvm.codegen.ExpressionCodegen.visitVariable(ExpressionCodegen.kt:790)
	at org.jetbrains.kotlin.backend.jvm.codegen.ExpressionCodegen.visitVariable(ExpressionCodegen.kt:138)
	at org.jetbrains.kotlin.ir.declarations.IrVariable.accept(IrVariable.kt:36)
	at org.jetbrains.kotlin.backend.jvm.codegen.ExpressionCodegen.visitStatementContainer(ExpressionCodegen.kt:579)
	at org.jetbrains.kotlin.backend.jvm.codegen.ExpressionCodegen.visitContainerExpression(ExpressionCodegen.kt:593)
	at org.jetbrains.kotlin.backend.jvm.codegen.ExpressionCodegen.visitContainerExpression(ExpressionCodegen.kt:138)
	at org.jetbrains.kotlin.ir.visitors.IrElementVisitor$DefaultImpls.visitBlock(IrElementVisitor.kt:122)
	at org.jetbrains.kotlin.backend.jvm.codegen.ExpressionCodegen.visitBlock(ExpressionCodegen.kt:413)
	at org.jetbrains.kotlin.backend.jvm.codegen.ExpressionCodegen.visitBlock(ExpressionCodegen.kt:138)
	at org.jetbrains.kotlin.ir.expressions.IrBlock.accept(IrBlock.kt:18)
	at org.jetbrains.kotlin.backend.jvm.codegen.ExpressionCodegen.gen(ExpressionCodegen.kt:217)
	at org.jetbrains.kotlin.backend.jvm.codegen.IrCallGenerator.genValueAndPut(IrCallGenerator.kt:48)
	at org.jetbrains.kotlin.backend.jvm.codegen.ExpressionCodegen.visitCall$handleParameter(ExpressionCodegen.kt:616)
	at org.jetbrains.kotlin.backend.jvm.codegen.ExpressionCodegen.visitCall(ExpressionCodegen.kt:644)
	at org.jetbrains.kotlin.backend.jvm.codegen.ExpressionCodegen.visitCall(ExpressionCodegen.kt:138)
	at org.jetbrains.kotlin.ir.expressions.IrCall.accept(IrCall.kt:24)
	at org.jetbrains.kotlin.backend.jvm.codegen.ExpressionCodegen.visitStatementContainer(ExpressionCodegen.kt:579)
	at org.jetbrains.kotlin.backend.jvm.codegen.ExpressionCodegen.visitContainerExpression(ExpressionCodegen.kt:593)
	at org.jetbrains.kotlin.backend.jvm.codegen.ExpressionCodegen.visitContainerExpression(ExpressionCodegen.kt:138)
	at org.jetbrains.kotlin.ir.visitors.IrElementVisitor$DefaultImpls.visitBlock(IrElementVisitor.kt:122)
	at org.jetbrains.kotlin.backend.jvm.codegen.ExpressionCodegen.visitBlock(ExpressionCodegen.kt:413)
	at org.jetbrains.kotlin.backend.jvm.codegen.ExpressionCodegen.visitBlock(ExpressionCodegen.kt:138)
	at org.jetbrains.kotlin.ir.expressions.IrBlock.accept(IrBlock.kt:18)
	at org.jetbrains.kotlin.backend.jvm.codegen.ExpressionCodegen.visitWhen(ExpressionCodegen.kt:1101)
	at org.jetbrains.kotlin.backend.jvm.codegen.ExpressionCodegen.visitWhen(ExpressionCodegen.kt:138)
	at org.jetbrains.kotlin.ir.expressions.IrWhen.accept(IrWhen.kt:24)
	at org.jetbrains.kotlin.backend.jvm.codegen.ExpressionCodegen.visitStatementContainer(ExpressionCodegen.kt:579)
	at org.jetbrains.kotlin.backend.jvm.codegen.ExpressionCodegen.visitBlockBody(ExpressionCodegen.kt:584)
	at org.jetbrains.kotlin.backend.jvm.codegen.ExpressionCodegen.visitBlockBody(ExpressionCodegen.kt:138)
	at org.jetbrains.kotlin.ir.expressions.IrBlockBody.accept(IrBlockBody.kt:20)
	at org.jetbrains.kotlin.backend.jvm.codegen.ExpressionCodegen.generate(ExpressionCodegen.kt:240)
	at org.jetbrains.kotlin.backend.jvm.codegen.FunctionCodegen.doGenerate(FunctionCodegen.kt:123)
	at org.jetbrains.kotlin.backend.jvm.codegen.FunctionCodegen.generate(FunctionCodegen.kt:44)
	... 53 more
Caused by: java.lang.OutOfMemoryError: GC overhead limit exceeded
	at java.base/jdk.internal.misc.Unsafe.allocateUninitializedArray(Unsafe.java:1380)
	at java.base/java.lang.StringConcatHelper.newArray(StringConcatHelper.java:511)
	at java.base/java.lang.StringLatin1.replace(StringLatin1.java:308)
	at java.base/java.lang.String.replace(String.java:2922)
	at org.jetbrains.kotlin.resolve.jvm.JvmClassName.internalNameByClassId(JvmClassName.java:40)
	at org.jetbrains.kotlin.load.kotlin.TypeSignatureMappingKt.mapBuiltInType(typeSignatureMapping.kt:58)
	at org.jetbrains.kotlin.types.AbstractTypeMapper.mapType(AbstractTypeMapper.kt:73)
	at org.jetbrains.kotlin.types.AbstractTypeMapper.mapType(AbstractTypeMapper.kt:103)
	at org.jetbrains.kotlin.types.AbstractTypeMapper.mapType(AbstractTypeMapper.kt:53)
	at org.jetbrains.kotlin.backend.jvm.mapping.IrTypeMapper.mapType(IrTypeMapper.kt:149)
	at org.jetbrains.kotlin.backend.jvm.codegen.ClassCodegen$typeMapper$1.mapType(ClassCodegen.kt:99)
	at org.jetbrains.kotlin.backend.jvm.mapping.MethodSignatureMapper.writeParameterType(MethodSignatureMapper.kt:386)
	at org.jetbrains.kotlin.backend.jvm.mapping.MethodSignatureMapper.writeParameter(MethodSignatureMapper.kt:377)
	at org.jetbrains.kotlin.backend.jvm.mapping.MethodSignatureMapper.mapSignature(MethodSignatureMapper.kt:260)
	at org.jetbrains.kotlin.backend.jvm.mapping.MethodSignatureMapper.mapSignature$default(MethodSignatureMapper.kt:220)
	at org.jetbrains.kotlin.backend.jvm.mapping.MethodSignatureMapper.mapSignatureSkipGeneric(MethodSignatureMapper.kt:215)
	at org.jetbrains.kotlin.backend.jvm.mapping.MethodSignatureMapper.mapAsmMethod(MethodSignatureMapper.kt:50)
	at org.jetbrains.kotlin.backend.jvm.intrinsics.JvmInvokeDynamic.evalOriginalMethodType(JvmInvokeDynamic.kt:120)
	at org.jetbrains.kotlin.backend.jvm.intrinsics.JvmInvokeDynamic.evalBootstrapArgumentIntrinsicCall(JvmInvokeDynamic.kt:86)
	at org.jetbrains.kotlin.backend.jvm.intrinsics.JvmInvokeDynamic.generateBootstrapMethodArg(JvmInvokeDynamic.kt:65)
	at org.jetbrains.kotlin.backend.jvm.intrinsics.JvmInvokeDynamic.invoke(JvmInvokeDynamic.kt:39)
	at org.jetbrains.kotlin.backend.jvm.codegen.ExpressionCodegen.visitCall(ExpressionCodegen.kt:600)
	at org.jetbrains.kotlin.backend.jvm.codegen.ExpressionCodegen.visitCall(ExpressionCodegen.kt:138)
	at org.jetbrains.kotlin.ir.expressions.IrCall.accept(IrCall.kt:24)
	at org.jetbrains.kotlin.backend.jvm.codegen.ExpressionCodegen.visitStatementContainer(ExpressionCodegen.kt:579)
	at org.jetbrains.kotlin.backend.jvm.codegen.ExpressionCodegen.visitContainerExpression(ExpressionCodegen.kt:593)
	at org.jetbrains.kotlin.backend.jvm.codegen.ExpressionCodegen.visitContainerExpression(ExpressionCodegen.kt:138)
	at org.jetbrains.kotlin.ir.visitors.IrElementVisitor$DefaultImpls.visitBlock(IrElementVisitor.kt:122)
	at org.jetbrains.kotlin.backend.jvm.codegen.ExpressionCodegen.visitBlock(ExpressionCodegen.kt:413)
	at org.jetbrains.kotlin.backend.jvm.codegen.ExpressionCodegen.visitBlock(ExpressionCodegen.kt:138)
	at org.jetbrains.kotlin.ir.expressions.IrBlock.accept(IrBlock.kt:18)
	at org.jetbrains.kotlin.backend.jvm.codegen.ExpressionCodegen.visitReturn(ExpressionCodegen.kt:1051)


